Netgen 1.5.282 compiled on Mon Oct 14 19:20:46 +07 2024
Warning: netgen command 'format' use fully-qualified name '::netgen::format'
Warning: netgen command 'global' use fully-qualified name '::netgen::global'
Reading netlist file /home/qoryad/ring_oscillator/mag/inverter.ext.spc
Call to undefined subcircuit sky130_fd_pr__nfet_01v8
Creating placeholder cell definition.
Call to undefined subcircuit sky130_fd_pr__pfet_01v8
Creating placeholder cell definition.
Reading netlist file /home/qoryad/ring_oscillator/mag/inverter.sch.spc
Call to undefined subcircuit sky130_fd_pr__nfet_01v8
Creating placeholder cell definition.
Call to undefined subcircuit sky130_fd_pr__pfet_01v8
Creating placeholder cell definition.
Call to undefined subcircuit sky130_fd_pr__nfet_g5v0d16v0__base
Creating placeholder cell definition.
Call to undefined subcircuit l
Creating placeholder cell definition.
Call to undefined subcircuit mult
Creating placeholder cell definition.
Call to undefined subcircuit w
Creating placeholder cell definition.
Duplicate cell sky130_fd_pr__diode_pw2nd_05v5 in file
Renaming original cell to sky130_fd_pr__diode_pw2nd_05v5[[0]]

Reading setup file /home/qoryad/pdk/sky130A/libs.tech/netgen/sky130A_setup.tcl

No such pin end_a in model sky130_fd_pr__res_generic_po
No property area found for device 'cap_li'
No property area found for device 'cap_m2'
No property w found for device reshead
No property l found for device reshead
No property as found for device sky130_fd_pr__special_pfet_latch__model
No property ad found for device sky130_fd_pr__special_pfet_latch__model
No property ps found for device sky130_fd_pr__special_pfet_latch__model
No property pd found for device sky130_fd_pr__special_pfet_latch__model
No property as found for device sky130_fd_pr__special_nfet_latch__model
No property ad found for device sky130_fd_pr__special_nfet_latch__model
No property ps found for device sky130_fd_pr__special_nfet_latch__model
No property pd found for device sky130_fd_pr__special_nfet_latch__model
No property area found for device c
No property w found for device rhead_model
No property l found for device rhead_model
No property area found for device 'c0_sub'
No property w found for device r
No property l found for device r
No property as found for device sky130_fd_pr__nfet_01v8__model
No property ad found for device sky130_fd_pr__nfet_01v8__model
No property ps found for device sky130_fd_pr__nfet_01v8__model
No property pd found for device sky130_fd_pr__nfet_01v8__model
No property w found for device 'rcp1/nlicon'
No property l found for device 'rcp1/nlicon'
No property as found for device sky130_fd_pr__pfet_01v8_mvt__model
No property ad found for device sky130_fd_pr__pfet_01v8_mvt__model
No property ps found for device sky130_fd_pr__pfet_01v8_mvt__model
No property pd found for device sky130_fd_pr__pfet_01v8_mvt__model
No property as found for device sky130_fd_pr__esd_nfet_g5v0d10v5__model
No property ad found for device sky130_fd_pr__esd_nfet_g5v0d10v5__model
No property ps found for device sky130_fd_pr__esd_nfet_g5v0d10v5__model
No property pd found for device sky130_fd_pr__esd_nfet_g5v0d10v5__model
No property as found for device sky130_fd_pr__rf_pfet_01v8_bM02__model
No property ad found for device sky130_fd_pr__rf_pfet_01v8_bM02__model
No property ps found for device sky130_fd_pr__rf_pfet_01v8_bM02__model
No property pd found for device sky130_fd_pr__rf_pfet_01v8_bM02__model
No property as found for device sky130_fd_pr__esd_nfet_01v8__model
No property ad found for device sky130_fd_pr__esd_nfet_01v8__model
No property ps found for device sky130_fd_pr__esd_nfet_01v8__model
No property pd found for device sky130_fd_pr__esd_nfet_01v8__model
No property as found for device sky130_fd_pr__rf_pfet_01v8_bM04__model
No property ad found for device sky130_fd_pr__rf_pfet_01v8_bM04__model
No property ps found for device sky130_fd_pr__rf_pfet_01v8_bM04__model
No property pd found for device sky130_fd_pr__rf_pfet_01v8_bM04__model
No property as found for device sky130_fd_pr__pfet_g5v0d10v5__model
No property ad found for device sky130_fd_pr__pfet_g5v0d10v5__model
No property ps found for device sky130_fd_pr__pfet_g5v0d10v5__model
No property pd found for device sky130_fd_pr__pfet_g5v0d10v5__model
No property w found for device 'rl1*ll1/wl1*(1/3)*(1/nfl1)'
No property l found for device 'rl1*ll1/wl1*(1/3)*(1/nfl1)'
No property as found for device sky130_fd_pr__rf_nfet_01v8_bM02__model
No property ad found for device sky130_fd_pr__rf_nfet_01v8_bM02__model
No property ps found for device sky130_fd_pr__rf_nfet_01v8_bM02__model
No property pd found for device sky130_fd_pr__rf_nfet_01v8_bM02__model
No property as found for device sky130_fd_pr__pfet_01v8__model
No property ad found for device sky130_fd_pr__pfet_01v8__model
No property ps found for device sky130_fd_pr__pfet_01v8__model
No property pd found for device sky130_fd_pr__pfet_01v8__model
No property w found for device '(1/w)*rdiff'
No property l found for device '(1/w)*rdiff'
No property w found for device 'rcvia/nvia'
No property l found for device 'rcvia/nvia'
No property w found for device 'r1'
No property l found for device 'r1'
No property area found for device 'c1_sub'
No property area found for device 'cap_m4'
No property as found for device sky130_fd_pr__special_nfet_pass__model
No property ad found for device sky130_fd_pr__special_nfet_pass__model
No property ps found for device sky130_fd_pr__special_nfet_pass__model
No property pd found for device sky130_fd_pr__special_nfet_pass__model
No property w found for device 'rm3*lm3/wm3*(1/3)*(1/nfm3)'
No property l found for device 'rm3*lm3/wm3*(1/3)*(1/nfm3)'
No property as found for device sky130_fd_pr__cap_vpp_11p3x11p8_l1m1m2m3m4_shieldm5_nhv__base__model
No property ad found for device sky130_fd_pr__cap_vpp_11p3x11p8_l1m1m2m3m4_shieldm5_nhv__base__model
No property ps found for device sky130_fd_pr__cap_vpp_11p3x11p8_l1m1m2m3m4_shieldm5_nhv__base__model
No property pd found for device sky130_fd_pr__cap_vpp_11p3x11p8_l1m1m2m3m4_shieldm5_nhv__base__model
No property as found for device sky130_fd_pr__rf_nfet_01v8_lvt_bM02__model
No property ad found for device sky130_fd_pr__rf_nfet_01v8_lvt_bM02__model
No property ps found for device sky130_fd_pr__rf_nfet_01v8_lvt_bM02__model
No property pd found for device sky130_fd_pr__rf_nfet_01v8_lvt_bM02__model
No property w found for device 'rcvia2/nvia2'
No property l found for device 'rcvia2/nvia2'
No property as found for device sky130_fd_pr__pfet_01v8_lvt__model
No property ad found for device sky130_fd_pr__pfet_01v8_lvt__model
No property ps found for device sky130_fd_pr__pfet_01v8_lvt__model
No property pd found for device sky130_fd_pr__pfet_01v8_lvt__model
No property as found for device sky130_fd_pr__nfet_05v0_nvt__model
No property ad found for device sky130_fd_pr__nfet_05v0_nvt__model
No property ps found for device sky130_fd_pr__nfet_05v0_nvt__model
No property pd found for device sky130_fd_pr__nfet_05v0_nvt__model
No property as found for device sky130_fd_pr__special_nfet_pass_lvt__model
No property ad found for device sky130_fd_pr__special_nfet_pass_lvt__model
No property ps found for device sky130_fd_pr__special_nfet_pass_lvt__model
No property pd found for device sky130_fd_pr__special_nfet_pass_lvt__model
No property w found for device 'rp1*lpy/wpy*(1/3)*(1/nfpy)'
No property l found for device 'rp1*lpy/wpy*(1/3)*(1/nfpy)'
No property w found for device 'rm5*lm5/wm5*(1/3)*(1/nfm5)'
No property l found for device 'rm5*lm5/wm5*(1/3)*(1/nfm5)'
No property area found for device 'cap_m1'
No property w found for device rbody_model
No property l found for device rbody_model
No property as found for device sky130_fd_pr__pfet_01v8_hvt__model
No property ad found for device sky130_fd_pr__pfet_01v8_hvt__model
No property ps found for device sky130_fd_pr__pfet_01v8_hvt__model
No property pd found for device sky130_fd_pr__pfet_01v8_hvt__model
No property w found for device sky130_fd_pr__res_generic_po__monte
No property l found for device sky130_fd_pr__res_generic_po__monte
No property as found for device sky130_fd_pr__pfet_g5v0d16v0__model_base
No property ad found for device sky130_fd_pr__pfet_g5v0d16v0__model_base
No property ps found for device sky130_fd_pr__pfet_g5v0d16v0__model_base
No property pd found for device sky130_fd_pr__pfet_g5v0d16v0__model_base
No property as found for device sky130_fd_pr__special_nfet_pass_flash__model
No property ad found for device sky130_fd_pr__special_nfet_pass_flash__model
No property ps found for device sky130_fd_pr__special_nfet_pass_flash__model
No property pd found for device sky130_fd_pr__special_nfet_pass_flash__model
No property w found for device '(rm2*lm2/wm2*(1/3)*(1/nfm2)+rm2*lm2/wm2)'
No property l found for device '(rm2*lm2/wm2*(1/3)*(1/nfm2)+rm2*lm2/wm2)'
No property as found for device sky130_fd_pr__rf_nfet_g5v0d10v5_bM02__model
No property ad found for device sky130_fd_pr__rf_nfet_g5v0d10v5_bM02__model
No property ps found for device sky130_fd_pr__rf_nfet_g5v0d10v5_bM02__model
No property pd found for device sky130_fd_pr__rf_nfet_g5v0d10v5_bM02__model
No property w found for device 'rm1*lm1/wm1*(1/3)*(1/nfm1)'
No property l found for device 'rm1*lm1/wm1*(1/3)*(1/nfm1)'
No property as found for device sky130_fd_pr__rf_nfet_01v8_bM04__model
No property ad found for device sky130_fd_pr__rf_nfet_01v8_bM04__model
No property ps found for device sky130_fd_pr__rf_nfet_01v8_bM04__model
No property pd found for device sky130_fd_pr__rf_nfet_01v8_bM04__model
No property w found for device 'rcvia3/nvia3'
No property l found for device 'rcvia3/nvia3'
No property as found for device sky130_fd_pr__nfet_g5v0d16v0__model_base
No property ad found for device sky130_fd_pr__nfet_g5v0d16v0__model_base
No property ps found for device sky130_fd_pr__nfet_g5v0d16v0__model_base
No property pd found for device sky130_fd_pr__nfet_g5v0d16v0__model_base
No property as found for device sky130_fd_pr__nfet_g5v0d10v5__model
No property ad found for device sky130_fd_pr__nfet_g5v0d10v5__model
No property ps found for device sky130_fd_pr__nfet_g5v0d10v5__model
No property pd found for device sky130_fd_pr__nfet_g5v0d10v5__model
No property area found for device 'cap_m3'
No property w found for device 'rm4*lm4/wm4*(1/3)*(1/nfm4)'
No property l found for device 'rm4*lm4/wm4*(1/3)*(1/nfm4)'
No property as found for device sky130_fd_pr__esd_pfet_g5v0d10v5__model
No property ad found for device sky130_fd_pr__esd_pfet_g5v0d10v5__model
No property ps found for device sky130_fd_pr__esd_pfet_g5v0d10v5__model
No property pd found for device sky130_fd_pr__esd_pfet_g5v0d10v5__model
No property area found for device 'czero'
No property as found for device sky130_fd_pr__rf_nfet_01v8_lvt_bM04__model
No property ad found for device sky130_fd_pr__rf_nfet_01v8_lvt_bM04__model
No property ps found for device sky130_fd_pr__rf_nfet_01v8_lvt_bM04__model
No property pd found for device sky130_fd_pr__rf_nfet_01v8_lvt_bM04__model
No property w found for device sky130_fd_pr__res_generic_po
No property l found for device sky130_fd_pr__res_generic_po
No property value found for device sky130_fd_pr__res_generic_po
No property w found for device 'rcl1/ncon'
No property l found for device 'rcl1/ncon'
No property area found for device 'cap_py'
No property as found for device sky130_fd_pr__nfet_03v3_nvt__model
No property ad found for device sky130_fd_pr__nfet_03v3_nvt__model
No property ps found for device sky130_fd_pr__nfet_03v3_nvt__model
No property pd found for device sky130_fd_pr__nfet_03v3_nvt__model
No property as found for device sky130_fd_pr__rf_nfet_g5v0d10v5_bM10__model
No property ad found for device sky130_fd_pr__rf_nfet_g5v0d10v5_bM10__model
No property ps found for device sky130_fd_pr__rf_nfet_g5v0d10v5_bM10__model
No property pd found for device sky130_fd_pr__rf_nfet_g5v0d10v5_bM10__model
No property w found for device 'r2'
No property l found for device 'r2'
No property area found for device 'cap_m5'
No property w found for device 'rcvia4/nvia4'
No property l found for device 'rcvia4/nvia4'
No property as found for device sky130_fd_pr__nfet_01v8_lvt__model
No property ad found for device sky130_fd_pr__nfet_01v8_lvt__model
No property ps found for device sky130_fd_pr__nfet_01v8_lvt__model
No property pd found for device sky130_fd_pr__nfet_01v8_lvt__model
No property as found for device sky130_fd_pr__rf_nfet_g5v0d10v5_bM04__model
No property ad found for device sky130_fd_pr__rf_nfet_g5v0d10v5_bM04__model
No property ps found for device sky130_fd_pr__rf_nfet_g5v0d10v5_bM04__model
No property pd found for device sky130_fd_pr__rf_nfet_g5v0d10v5_bM04__model
No such pin 1 in model sky130_fd_pr__res_iso_pw
No property w found for device sky130_fd_pr__res_iso_pw
No property l found for device sky130_fd_pr__res_iso_pw
No property l found for device sky130_fd_pr__res_iso_pw
No property w found for device sky130_fd_pr__res_iso_pw
No property value found for device sky130_fd_pr__res_iso_pw
No property l found for device sky130_fd_pr__res_iso_pw
No property w found for device sky130_fd_pr__res_iso_pw
No property mult found for device sky130_fd_pr__res_iso_pw
No such pin 1 in model sky130_fd_pr__res_high_po_0p35
No property w found for device sky130_fd_pr__res_high_po_0p35
No property l found for device sky130_fd_pr__res_high_po_0p35
No property l found for device sky130_fd_pr__res_high_po_0p35
No property w found for device sky130_fd_pr__res_high_po_0p35
No property value found for device sky130_fd_pr__res_high_po_0p35
No property l found for device sky130_fd_pr__res_high_po_0p35
No property w found for device sky130_fd_pr__res_high_po_0p35
No property mult found for device sky130_fd_pr__res_high_po_0p35
No such pin 1 in model sky130_fd_pr__res_high_po_0p69
No property w found for device sky130_fd_pr__res_high_po_0p69
No property l found for device sky130_fd_pr__res_high_po_0p69
No property l found for device sky130_fd_pr__res_high_po_0p69
No property w found for device sky130_fd_pr__res_high_po_0p69
No property value found for device sky130_fd_pr__res_high_po_0p69
No property l found for device sky130_fd_pr__res_high_po_0p69
No property w found for device sky130_fd_pr__res_high_po_0p69
No property mult found for device sky130_fd_pr__res_high_po_0p69
No such pin 1 in model sky130_fd_pr__res_high_po_1p41
No property w found for device sky130_fd_pr__res_high_po_1p41
No property l found for device sky130_fd_pr__res_high_po_1p41
No property l found for device sky130_fd_pr__res_high_po_1p41
No property w found for device sky130_fd_pr__res_high_po_1p41
No property value found for device sky130_fd_pr__res_high_po_1p41
No property l found for device sky130_fd_pr__res_high_po_1p41
No property w found for device sky130_fd_pr__res_high_po_1p41
No property mult found for device sky130_fd_pr__res_high_po_1p41
No such pin 1 in model sky130_fd_pr__res_high_po_2p85
No property w found for device sky130_fd_pr__res_high_po_2p85
No property l found for device sky130_fd_pr__res_high_po_2p85
No property l found for device sky130_fd_pr__res_high_po_2p85
No property w found for device sky130_fd_pr__res_high_po_2p85
No property value found for device sky130_fd_pr__res_high_po_2p85
No property l found for device sky130_fd_pr__res_high_po_2p85
No property w found for device sky130_fd_pr__res_high_po_2p85
No property mult found for device sky130_fd_pr__res_high_po_2p85
No such pin 1 in model sky130_fd_pr__res_high_po_5p73
No property w found for device sky130_fd_pr__res_high_po_5p73
No property l found for device sky130_fd_pr__res_high_po_5p73
No property l found for device sky130_fd_pr__res_high_po_5p73
No property w found for device sky130_fd_pr__res_high_po_5p73
No property value found for device sky130_fd_pr__res_high_po_5p73
No property l found for device sky130_fd_pr__res_high_po_5p73
No property w found for device sky130_fd_pr__res_high_po_5p73
No property mult found for device sky130_fd_pr__res_high_po_5p73
No such pin 1 in model sky130_fd_pr__res_high_po
No property value found for device sky130_fd_pr__res_high_po
No property mult found for device sky130_fd_pr__res_high_po
No such pin 1 in model sky130_fd_pr__res_xhigh_po_0p35
No property w found for device sky130_fd_pr__res_xhigh_po_0p35
No property l found for device sky130_fd_pr__res_xhigh_po_0p35
No property l found for device sky130_fd_pr__res_xhigh_po_0p35
No property w found for device sky130_fd_pr__res_xhigh_po_0p35
No property value found for device sky130_fd_pr__res_xhigh_po_0p35
No property l found for device sky130_fd_pr__res_xhigh_po_0p35
No property w found for device sky130_fd_pr__res_xhigh_po_0p35
No property mult found for device sky130_fd_pr__res_xhigh_po_0p35
No such pin 1 in model sky130_fd_pr__res_xhigh_po_0p69
No property w found for device sky130_fd_pr__res_xhigh_po_0p69
No property l found for device sky130_fd_pr__res_xhigh_po_0p69
No property l found for device sky130_fd_pr__res_xhigh_po_0p69
No property w found for device sky130_fd_pr__res_xhigh_po_0p69
No property value found for device sky130_fd_pr__res_xhigh_po_0p69
No property l found for device sky130_fd_pr__res_xhigh_po_0p69
No property w found for device sky130_fd_pr__res_xhigh_po_0p69
No property mult found for device sky130_fd_pr__res_xhigh_po_0p69
No such pin 1 in model sky130_fd_pr__res_xhigh_po_1p41
No property w found for device sky130_fd_pr__res_xhigh_po_1p41
No property l found for device sky130_fd_pr__res_xhigh_po_1p41
No property l found for device sky130_fd_pr__res_xhigh_po_1p41
No property w found for device sky130_fd_pr__res_xhigh_po_1p41
No property value found for device sky130_fd_pr__res_xhigh_po_1p41
No property l found for device sky130_fd_pr__res_xhigh_po_1p41
No property w found for device sky130_fd_pr__res_xhigh_po_1p41
No property mult found for device sky130_fd_pr__res_xhigh_po_1p41
No such pin 1 in model sky130_fd_pr__res_xhigh_po_2p85
No property w found for device sky130_fd_pr__res_xhigh_po_2p85
No property l found for device sky130_fd_pr__res_xhigh_po_2p85
No property l found for device sky130_fd_pr__res_xhigh_po_2p85
No property w found for device sky130_fd_pr__res_xhigh_po_2p85
No property value found for device sky130_fd_pr__res_xhigh_po_2p85
No property l found for device sky130_fd_pr__res_xhigh_po_2p85
No property w found for device sky130_fd_pr__res_xhigh_po_2p85
No property mult found for device sky130_fd_pr__res_xhigh_po_2p85
No such pin 1 in model sky130_fd_pr__res_xhigh_po_5p73
No property w found for device sky130_fd_pr__res_xhigh_po_5p73
No property l found for device sky130_fd_pr__res_xhigh_po_5p73
No property l found for device sky130_fd_pr__res_xhigh_po_5p73
No property w found for device sky130_fd_pr__res_xhigh_po_5p73
No property value found for device sky130_fd_pr__res_xhigh_po_5p73
No property l found for device sky130_fd_pr__res_xhigh_po_5p73
No property w found for device sky130_fd_pr__res_xhigh_po_5p73
No property mult found for device sky130_fd_pr__res_xhigh_po_5p73
No such pin 1 in model sky130_fd_pr__res_xhigh_po
No property value found for device sky130_fd_pr__res_xhigh_po
No property mult found for device sky130_fd_pr__res_xhigh_po
No such pin 1 in model sky130_fd_pr__res_generic_nd
No property value found for device sky130_fd_pr__res_generic_nd
No property mult found for device sky130_fd_pr__res_generic_nd
No such pin 1 in model sky130_fd_pr__res_generic_pd
No property value found for device sky130_fd_pr__res_generic_pd
No property mult found for device sky130_fd_pr__res_generic_pd
No such pin 1 in model sky130_fd_pr__res_generic_nd__hv
No property value found for device sky130_fd_pr__res_generic_nd__hv
No property mult found for device sky130_fd_pr__res_generic_nd__hv
No such pin 1 in model sky130_fd_pr__res_generic_pd__hv
No property value found for device sky130_fd_pr__res_generic_pd__hv
No property mult found for device sky130_fd_pr__res_generic_pd__hv
No such pin end_a in model sky130_fd_pr__res_generic_po
No property w found for device sky130_fd_pr__res_generic_po
No property l found for device sky130_fd_pr__res_generic_po
No property l found for device sky130_fd_pr__res_generic_po
No property w found for device sky130_fd_pr__res_generic_po
No property value found for device sky130_fd_pr__res_generic_po
No property l found for device sky130_fd_pr__res_generic_po
No property w found for device sky130_fd_pr__res_generic_po
No property mult found for device sky130_fd_pr__res_generic_po
Model sky130_fd_pr__nfet_01v8 pin 1 == 3
No property mult found for device sky130_fd_pr__nfet_01v8
No property sa found for device sky130_fd_pr__nfet_01v8
No property sb found for device sky130_fd_pr__nfet_01v8
No property sd found for device sky130_fd_pr__nfet_01v8
No property nf found for device sky130_fd_pr__nfet_01v8
No property nrd found for device sky130_fd_pr__nfet_01v8
No property nrs found for device sky130_fd_pr__nfet_01v8
No property area found for device sky130_fd_pr__nfet_01v8
No property perim found for device sky130_fd_pr__nfet_01v8
No property topography found for device sky130_fd_pr__nfet_01v8
No such pin 1 in model sky130_fd_pr__nfet_01v8
No property l found for device sky130_fd_pr__nfet_01v8
No property w found for device sky130_fd_pr__nfet_01v8
No property w found for device sky130_fd_pr__nfet_01v8
No property l found for device sky130_fd_pr__nfet_01v8
No property as found for device sky130_fd_pr__nfet_01v8
No property ad found for device sky130_fd_pr__nfet_01v8
No property ps found for device sky130_fd_pr__nfet_01v8
No property pd found for device sky130_fd_pr__nfet_01v8
No property mult found for device sky130_fd_pr__nfet_01v8
No property sa found for device sky130_fd_pr__nfet_01v8
No property sb found for device sky130_fd_pr__nfet_01v8
No property sd found for device sky130_fd_pr__nfet_01v8
No property nf found for device sky130_fd_pr__nfet_01v8
No property nrd found for device sky130_fd_pr__nfet_01v8
No property nrs found for device sky130_fd_pr__nfet_01v8
No property area found for device sky130_fd_pr__nfet_01v8
No property perim found for device sky130_fd_pr__nfet_01v8
No property topography found for device sky130_fd_pr__nfet_01v8
No such pin 1 in model sky130_fd_pr__nfet_01v8_lvt
No property l found for device sky130_fd_pr__nfet_01v8_lvt
No property w found for device sky130_fd_pr__nfet_01v8_lvt
No property w found for device sky130_fd_pr__nfet_01v8_lvt
No property l found for device sky130_fd_pr__nfet_01v8_lvt
No property as found for device sky130_fd_pr__nfet_01v8_lvt
No property ad found for device sky130_fd_pr__nfet_01v8_lvt
No property ps found for device sky130_fd_pr__nfet_01v8_lvt
No property pd found for device sky130_fd_pr__nfet_01v8_lvt
No property mult found for device sky130_fd_pr__nfet_01v8_lvt
No property sa found for device sky130_fd_pr__nfet_01v8_lvt
No property sb found for device sky130_fd_pr__nfet_01v8_lvt
No property sd found for device sky130_fd_pr__nfet_01v8_lvt
No property nf found for device sky130_fd_pr__nfet_01v8_lvt
No property nrd found for device sky130_fd_pr__nfet_01v8_lvt
No property nrs found for device sky130_fd_pr__nfet_01v8_lvt
No property area found for device sky130_fd_pr__nfet_01v8_lvt
No property perim found for device sky130_fd_pr__nfet_01v8_lvt
No property topography found for device sky130_fd_pr__nfet_01v8_lvt
No such pin 1 in model sky130_fd_pr__nfet_g5v0d10v5
No property l found for device sky130_fd_pr__nfet_g5v0d10v5
No property w found for device sky130_fd_pr__nfet_g5v0d10v5
No property w found for device sky130_fd_pr__nfet_g5v0d10v5
No property l found for device sky130_fd_pr__nfet_g5v0d10v5
No property as found for device sky130_fd_pr__nfet_g5v0d10v5
No property ad found for device sky130_fd_pr__nfet_g5v0d10v5
No property ps found for device sky130_fd_pr__nfet_g5v0d10v5
No property pd found for device sky130_fd_pr__nfet_g5v0d10v5
No property mult found for device sky130_fd_pr__nfet_g5v0d10v5
No property sa found for device sky130_fd_pr__nfet_g5v0d10v5
No property sb found for device sky130_fd_pr__nfet_g5v0d10v5
No property sd found for device sky130_fd_pr__nfet_g5v0d10v5
No property nf found for device sky130_fd_pr__nfet_g5v0d10v5
No property nrd found for device sky130_fd_pr__nfet_g5v0d10v5
No property nrs found for device sky130_fd_pr__nfet_g5v0d10v5
No property area found for device sky130_fd_pr__nfet_g5v0d10v5
No property perim found for device sky130_fd_pr__nfet_g5v0d10v5
No property topography found for device sky130_fd_pr__nfet_g5v0d10v5
No such pin 1 in model sky130_fd_pr__nfet_03v3_nvt
No property l found for device sky130_fd_pr__nfet_03v3_nvt
No property w found for device sky130_fd_pr__nfet_03v3_nvt
No property w found for device sky130_fd_pr__nfet_03v3_nvt
No property l found for device sky130_fd_pr__nfet_03v3_nvt
No property as found for device sky130_fd_pr__nfet_03v3_nvt
No property ad found for device sky130_fd_pr__nfet_03v3_nvt
No property ps found for device sky130_fd_pr__nfet_03v3_nvt
No property pd found for device sky130_fd_pr__nfet_03v3_nvt
No property mult found for device sky130_fd_pr__nfet_03v3_nvt
No property sa found for device sky130_fd_pr__nfet_03v3_nvt
No property sb found for device sky130_fd_pr__nfet_03v3_nvt
No property sd found for device sky130_fd_pr__nfet_03v3_nvt
No property nf found for device sky130_fd_pr__nfet_03v3_nvt
No property nrd found for device sky130_fd_pr__nfet_03v3_nvt
No property nrs found for device sky130_fd_pr__nfet_03v3_nvt
No property area found for device sky130_fd_pr__nfet_03v3_nvt
No property perim found for device sky130_fd_pr__nfet_03v3_nvt
No property topography found for device sky130_fd_pr__nfet_03v3_nvt
No such pin 1 in model sky130_fd_pr__nfet_05v0_nvt
No property l found for device sky130_fd_pr__nfet_05v0_nvt
No property w found for device sky130_fd_pr__nfet_05v0_nvt
No property w found for device sky130_fd_pr__nfet_05v0_nvt
No property l found for device sky130_fd_pr__nfet_05v0_nvt
No property as found for device sky130_fd_pr__nfet_05v0_nvt
No property ad found for device sky130_fd_pr__nfet_05v0_nvt
No property ps found for device sky130_fd_pr__nfet_05v0_nvt
No property pd found for device sky130_fd_pr__nfet_05v0_nvt
No property mult found for device sky130_fd_pr__nfet_05v0_nvt
No property sa found for device sky130_fd_pr__nfet_05v0_nvt
No property sb found for device sky130_fd_pr__nfet_05v0_nvt
No property sd found for device sky130_fd_pr__nfet_05v0_nvt
No property nf found for device sky130_fd_pr__nfet_05v0_nvt
No property nrd found for device sky130_fd_pr__nfet_05v0_nvt
No property nrs found for device sky130_fd_pr__nfet_05v0_nvt
No property area found for device sky130_fd_pr__nfet_05v0_nvt
No property perim found for device sky130_fd_pr__nfet_05v0_nvt
No property topography found for device sky130_fd_pr__nfet_05v0_nvt
Model sky130_fd_pr__pfet_01v8 pin 1 == 3
No property mult found for device sky130_fd_pr__pfet_01v8
No property sa found for device sky130_fd_pr__pfet_01v8
No property sb found for device sky130_fd_pr__pfet_01v8
No property sd found for device sky130_fd_pr__pfet_01v8
No property nf found for device sky130_fd_pr__pfet_01v8
No property nrd found for device sky130_fd_pr__pfet_01v8
No property nrs found for device sky130_fd_pr__pfet_01v8
No property area found for device sky130_fd_pr__pfet_01v8
No property perim found for device sky130_fd_pr__pfet_01v8
No property topography found for device sky130_fd_pr__pfet_01v8
No such pin 1 in model sky130_fd_pr__pfet_01v8
No property l found for device sky130_fd_pr__pfet_01v8
No property w found for device sky130_fd_pr__pfet_01v8
No property w found for device sky130_fd_pr__pfet_01v8
No property l found for device sky130_fd_pr__pfet_01v8
No property as found for device sky130_fd_pr__pfet_01v8
No property ad found for device sky130_fd_pr__pfet_01v8
No property ps found for device sky130_fd_pr__pfet_01v8
No property pd found for device sky130_fd_pr__pfet_01v8
No property mult found for device sky130_fd_pr__pfet_01v8
No property sa found for device sky130_fd_pr__pfet_01v8
No property sb found for device sky130_fd_pr__pfet_01v8
No property sd found for device sky130_fd_pr__pfet_01v8
No property nf found for device sky130_fd_pr__pfet_01v8
No property nrd found for device sky130_fd_pr__pfet_01v8
No property nrs found for device sky130_fd_pr__pfet_01v8
No property area found for device sky130_fd_pr__pfet_01v8
No property perim found for device sky130_fd_pr__pfet_01v8
No property topography found for device sky130_fd_pr__pfet_01v8
No such pin 1 in model sky130_fd_pr__pfet_01v8_lvt
No property l found for device sky130_fd_pr__pfet_01v8_lvt
No property w found for device sky130_fd_pr__pfet_01v8_lvt
No property w found for device sky130_fd_pr__pfet_01v8_lvt
No property l found for device sky130_fd_pr__pfet_01v8_lvt
No property as found for device sky130_fd_pr__pfet_01v8_lvt
No property ad found for device sky130_fd_pr__pfet_01v8_lvt
No property ps found for device sky130_fd_pr__pfet_01v8_lvt
No property pd found for device sky130_fd_pr__pfet_01v8_lvt
No property mult found for device sky130_fd_pr__pfet_01v8_lvt
No property sa found for device sky130_fd_pr__pfet_01v8_lvt
No property sb found for device sky130_fd_pr__pfet_01v8_lvt
No property sd found for device sky130_fd_pr__pfet_01v8_lvt
No property nf found for device sky130_fd_pr__pfet_01v8_lvt
No property nrd found for device sky130_fd_pr__pfet_01v8_lvt
No property nrs found for device sky130_fd_pr__pfet_01v8_lvt
No property area found for device sky130_fd_pr__pfet_01v8_lvt
No property perim found for device sky130_fd_pr__pfet_01v8_lvt
No property topography found for device sky130_fd_pr__pfet_01v8_lvt
No such pin 1 in model sky130_fd_pr__pfet_01v8_mvt
No property l found for device sky130_fd_pr__pfet_01v8_mvt
No property w found for device sky130_fd_pr__pfet_01v8_mvt
No property w found for device sky130_fd_pr__pfet_01v8_mvt
No property l found for device sky130_fd_pr__pfet_01v8_mvt
No property as found for device sky130_fd_pr__pfet_01v8_mvt
No property ad found for device sky130_fd_pr__pfet_01v8_mvt
No property ps found for device sky130_fd_pr__pfet_01v8_mvt
No property pd found for device sky130_fd_pr__pfet_01v8_mvt
No property mult found for device sky130_fd_pr__pfet_01v8_mvt
No property sa found for device sky130_fd_pr__pfet_01v8_mvt
No property sb found for device sky130_fd_pr__pfet_01v8_mvt
No property sd found for device sky130_fd_pr__pfet_01v8_mvt
No property nf found for device sky130_fd_pr__pfet_01v8_mvt
No property nrd found for device sky130_fd_pr__pfet_01v8_mvt
No property nrs found for device sky130_fd_pr__pfet_01v8_mvt
No property area found for device sky130_fd_pr__pfet_01v8_mvt
No property perim found for device sky130_fd_pr__pfet_01v8_mvt
No property topography found for device sky130_fd_pr__pfet_01v8_mvt
No such pin 1 in model sky130_fd_pr__pfet_01v8_hvt
No property l found for device sky130_fd_pr__pfet_01v8_hvt
No property w found for device sky130_fd_pr__pfet_01v8_hvt
No property w found for device sky130_fd_pr__pfet_01v8_hvt
No property l found for device sky130_fd_pr__pfet_01v8_hvt
No property as found for device sky130_fd_pr__pfet_01v8_hvt
No property ad found for device sky130_fd_pr__pfet_01v8_hvt
No property ps found for device sky130_fd_pr__pfet_01v8_hvt
No property pd found for device sky130_fd_pr__pfet_01v8_hvt
No property mult found for device sky130_fd_pr__pfet_01v8_hvt
No property sa found for device sky130_fd_pr__pfet_01v8_hvt
No property sb found for device sky130_fd_pr__pfet_01v8_hvt
No property sd found for device sky130_fd_pr__pfet_01v8_hvt
No property nf found for device sky130_fd_pr__pfet_01v8_hvt
No property nrd found for device sky130_fd_pr__pfet_01v8_hvt
No property nrs found for device sky130_fd_pr__pfet_01v8_hvt
No property area found for device sky130_fd_pr__pfet_01v8_hvt
No property perim found for device sky130_fd_pr__pfet_01v8_hvt
No property topography found for device sky130_fd_pr__pfet_01v8_hvt
No such pin 1 in model sky130_fd_pr__pfet_g5v0d10v5
No property l found for device sky130_fd_pr__pfet_g5v0d10v5
No property w found for device sky130_fd_pr__pfet_g5v0d10v5
No property w found for device sky130_fd_pr__pfet_g5v0d10v5
No property l found for device sky130_fd_pr__pfet_g5v0d10v5
No property as found for device sky130_fd_pr__pfet_g5v0d10v5
No property ad found for device sky130_fd_pr__pfet_g5v0d10v5
No property ps found for device sky130_fd_pr__pfet_g5v0d10v5
No property pd found for device sky130_fd_pr__pfet_g5v0d10v5
No property mult found for device sky130_fd_pr__pfet_g5v0d10v5
No property sa found for device sky130_fd_pr__pfet_g5v0d10v5
No property sb found for device sky130_fd_pr__pfet_g5v0d10v5
No property sd found for device sky130_fd_pr__pfet_g5v0d10v5
No property nf found for device sky130_fd_pr__pfet_g5v0d10v5
No property nrd found for device sky130_fd_pr__pfet_g5v0d10v5
No property nrs found for device sky130_fd_pr__pfet_g5v0d10v5
No property area found for device sky130_fd_pr__pfet_g5v0d10v5
No property perim found for device sky130_fd_pr__pfet_g5v0d10v5
No property topography found for device sky130_fd_pr__pfet_g5v0d10v5
No such pin 1 in model sky130_fd_pr__special_nfet_latch
No property l found for device sky130_fd_pr__special_nfet_latch
No property w found for device sky130_fd_pr__special_nfet_latch
No property w found for device sky130_fd_pr__special_nfet_latch
No property l found for device sky130_fd_pr__special_nfet_latch
No property as found for device sky130_fd_pr__special_nfet_latch
No property ad found for device sky130_fd_pr__special_nfet_latch
No property ps found for device sky130_fd_pr__special_nfet_latch
No property pd found for device sky130_fd_pr__special_nfet_latch
No property mult found for device sky130_fd_pr__special_nfet_latch
No property sa found for device sky130_fd_pr__special_nfet_latch
No property sb found for device sky130_fd_pr__special_nfet_latch
No property sd found for device sky130_fd_pr__special_nfet_latch
No property nf found for device sky130_fd_pr__special_nfet_latch
No property nrd found for device sky130_fd_pr__special_nfet_latch
No property nrs found for device sky130_fd_pr__special_nfet_latch
No property area found for device sky130_fd_pr__special_nfet_latch
No property perim found for device sky130_fd_pr__special_nfet_latch
No property topography found for device sky130_fd_pr__special_nfet_latch
No such pin 1 in model sky130_fd_pr__special_nfet_pass
No property l found for device sky130_fd_pr__special_nfet_pass
No property w found for device sky130_fd_pr__special_nfet_pass
No property w found for device sky130_fd_pr__special_nfet_pass
No property l found for device sky130_fd_pr__special_nfet_pass
No property as found for device sky130_fd_pr__special_nfet_pass
No property ad found for device sky130_fd_pr__special_nfet_pass
No property ps found for device sky130_fd_pr__special_nfet_pass
No property pd found for device sky130_fd_pr__special_nfet_pass
No property mult found for device sky130_fd_pr__special_nfet_pass
No property sa found for device sky130_fd_pr__special_nfet_pass
No property sb found for device sky130_fd_pr__special_nfet_pass
No property sd found for device sky130_fd_pr__special_nfet_pass
No property nf found for device sky130_fd_pr__special_nfet_pass
No property nrd found for device sky130_fd_pr__special_nfet_pass
No property nrs found for device sky130_fd_pr__special_nfet_pass
No property area found for device sky130_fd_pr__special_nfet_pass
No property perim found for device sky130_fd_pr__special_nfet_pass
No property topography found for device sky130_fd_pr__special_nfet_pass
No such pin 1 in model sky130_fd_pr__special_pfet_latch
No property l found for device sky130_fd_pr__special_pfet_latch
No property w found for device sky130_fd_pr__special_pfet_latch
No property w found for device sky130_fd_pr__special_pfet_latch
No property l found for device sky130_fd_pr__special_pfet_latch
No property as found for device sky130_fd_pr__special_pfet_latch
No property ad found for device sky130_fd_pr__special_pfet_latch
No property ps found for device sky130_fd_pr__special_pfet_latch
No property pd found for device sky130_fd_pr__special_pfet_latch
No property mult found for device sky130_fd_pr__special_pfet_latch
No property sa found for device sky130_fd_pr__special_pfet_latch
No property sb found for device sky130_fd_pr__special_pfet_latch
No property sd found for device sky130_fd_pr__special_pfet_latch
No property nf found for device sky130_fd_pr__special_pfet_latch
No property nrd found for device sky130_fd_pr__special_pfet_latch
No property nrs found for device sky130_fd_pr__special_pfet_latch
No property area found for device sky130_fd_pr__special_pfet_latch
No property perim found for device sky130_fd_pr__special_pfet_latch
No property topography found for device sky130_fd_pr__special_pfet_latch
No such pin 1 in model sky130_fd_pr__special_pfet_latch
No property l found for device sky130_fd_pr__special_pfet_latch
No property w found for device sky130_fd_pr__special_pfet_latch
No property w found for device sky130_fd_pr__special_pfet_latch
No property l found for device sky130_fd_pr__special_pfet_latch
No property as found for device sky130_fd_pr__special_pfet_latch
No property ad found for device sky130_fd_pr__special_pfet_latch
No property ps found for device sky130_fd_pr__special_pfet_latch
No property pd found for device sky130_fd_pr__special_pfet_latch
No property mult found for device sky130_fd_pr__special_pfet_latch
No property sa found for device sky130_fd_pr__special_pfet_latch
No property sb found for device sky130_fd_pr__special_pfet_latch
No property sd found for device sky130_fd_pr__special_pfet_latch
No property nf found for device sky130_fd_pr__special_pfet_latch
No property nrd found for device sky130_fd_pr__special_pfet_latch
No property nrs found for device sky130_fd_pr__special_pfet_latch
No property area found for device sky130_fd_pr__special_pfet_latch
No property perim found for device sky130_fd_pr__special_pfet_latch
No property topography found for device sky130_fd_pr__special_pfet_latch
No such pin 1 in model sky130_fd_pr__cap_var_lvt
No property as found for device sky130_fd_pr__cap_var_lvt
No property ad found for device sky130_fd_pr__cap_var_lvt
No property ps found for device sky130_fd_pr__cap_var_lvt
No property pd found for device sky130_fd_pr__cap_var_lvt
No property mult found for device sky130_fd_pr__cap_var_lvt
No property sa found for device sky130_fd_pr__cap_var_lvt
No property sb found for device sky130_fd_pr__cap_var_lvt
No property sd found for device sky130_fd_pr__cap_var_lvt
No property nf found for device sky130_fd_pr__cap_var_lvt
No property nrd found for device sky130_fd_pr__cap_var_lvt
No property nrs found for device sky130_fd_pr__cap_var_lvt
No property area found for device sky130_fd_pr__cap_var_lvt
No property perim found for device sky130_fd_pr__cap_var_lvt
No property topography found for device sky130_fd_pr__cap_var_lvt
No such pin 1 in model sky130_fd_pr__cap_var_hvt
No property as found for device sky130_fd_pr__cap_var_hvt
No property ad found for device sky130_fd_pr__cap_var_hvt
No property ps found for device sky130_fd_pr__cap_var_hvt
No property pd found for device sky130_fd_pr__cap_var_hvt
No property mult found for device sky130_fd_pr__cap_var_hvt
No property sa found for device sky130_fd_pr__cap_var_hvt
No property sb found for device sky130_fd_pr__cap_var_hvt
No property sd found for device sky130_fd_pr__cap_var_hvt
No property nf found for device sky130_fd_pr__cap_var_hvt
No property nrd found for device sky130_fd_pr__cap_var_hvt
No property nrs found for device sky130_fd_pr__cap_var_hvt
No property area found for device sky130_fd_pr__cap_var_hvt
No property perim found for device sky130_fd_pr__cap_var_hvt
No property topography found for device sky130_fd_pr__cap_var_hvt
No property mult found for device sky130_fd_pr__nfet_20v0_zvt
No property sd found for device sky130_fd_pr__nfet_20v0_zvt
No property nf found for device sky130_fd_pr__nfet_20v0_zvt
No property area found for device sky130_fd_pr__nfet_20v0_zvt
No property perim found for device sky130_fd_pr__nfet_20v0_zvt
No property topography found for device sky130_fd_pr__nfet_20v0_zvt
No property mult found for device sky130_fd_pr__nfet_20v0_nvt
No property sd found for device sky130_fd_pr__nfet_20v0_nvt
No property nf found for device sky130_fd_pr__nfet_20v0_nvt
No property area found for device sky130_fd_pr__nfet_20v0_nvt
No property perim found for device sky130_fd_pr__nfet_20v0_nvt
No property topography found for device sky130_fd_pr__nfet_20v0_nvt
No property mult found for device sky130_fd_pr__nfet_20v0_iso
No property sd found for device sky130_fd_pr__nfet_20v0_iso
No property nf found for device sky130_fd_pr__nfet_20v0_iso
No property area found for device sky130_fd_pr__nfet_20v0_iso
No property perim found for device sky130_fd_pr__nfet_20v0_iso
No property topography found for device sky130_fd_pr__nfet_20v0_iso
No property mult found for device sky130_fd_pr__nfet_20v0
No property sd found for device sky130_fd_pr__nfet_20v0
No property nf found for device sky130_fd_pr__nfet_20v0
No property area found for device sky130_fd_pr__nfet_20v0
No property perim found for device sky130_fd_pr__nfet_20v0
No property topography found for device sky130_fd_pr__nfet_20v0
No property mult found for device sky130_fd_pr__pfet_20v0
No property sa found for device sky130_fd_pr__pfet_20v0
No property sb found for device sky130_fd_pr__pfet_20v0
No property sd found for device sky130_fd_pr__pfet_20v0
No property nf found for device sky130_fd_pr__pfet_20v0
No property area found for device sky130_fd_pr__pfet_20v0
No property perim found for device sky130_fd_pr__pfet_20v0
No property topography found for device sky130_fd_pr__pfet_20v0
No property area found for device sky130_fd_pr__nfet_g5v0d16v0
No property perim found for device sky130_fd_pr__nfet_g5v0d16v0
No property topography found for device sky130_fd_pr__nfet_g5v0d16v0
No property area found for device sky130_fd_pr__pfet_g5v0d16v0
No property perim found for device sky130_fd_pr__pfet_g5v0d16v0
No property topography found for device sky130_fd_pr__pfet_g5v0d16v0
No such pin 1 in model sky130_fd_pr__esd_nfet_g5v0d10v5
No property l found for device sky130_fd_pr__esd_nfet_g5v0d10v5
No property w found for device sky130_fd_pr__esd_nfet_g5v0d10v5
No property w found for device sky130_fd_pr__esd_nfet_g5v0d10v5
No property l found for device sky130_fd_pr__esd_nfet_g5v0d10v5
No property as found for device sky130_fd_pr__esd_nfet_g5v0d10v5
No property ad found for device sky130_fd_pr__esd_nfet_g5v0d10v5
No property ps found for device sky130_fd_pr__esd_nfet_g5v0d10v5
No property pd found for device sky130_fd_pr__esd_nfet_g5v0d10v5
No property mult found for device sky130_fd_pr__esd_nfet_g5v0d10v5
No property sa found for device sky130_fd_pr__esd_nfet_g5v0d10v5
No property sb found for device sky130_fd_pr__esd_nfet_g5v0d10v5
No property sd found for device sky130_fd_pr__esd_nfet_g5v0d10v5
No property nf found for device sky130_fd_pr__esd_nfet_g5v0d10v5
No property nrd found for device sky130_fd_pr__esd_nfet_g5v0d10v5
No property nrs found for device sky130_fd_pr__esd_nfet_g5v0d10v5
No property area found for device sky130_fd_pr__esd_nfet_g5v0d10v5
No property perim found for device sky130_fd_pr__esd_nfet_g5v0d10v5
No property topography found for device sky130_fd_pr__esd_nfet_g5v0d10v5
No such pin 1 in model sky130_fd_pr__esd_pfet_g5v0d10v5
No property l found for device sky130_fd_pr__esd_pfet_g5v0d10v5
No property w found for device sky130_fd_pr__esd_pfet_g5v0d10v5
No property w found for device sky130_fd_pr__esd_pfet_g5v0d10v5
No property l found for device sky130_fd_pr__esd_pfet_g5v0d10v5
No property as found for device sky130_fd_pr__esd_pfet_g5v0d10v5
No property ad found for device sky130_fd_pr__esd_pfet_g5v0d10v5
No property ps found for device sky130_fd_pr__esd_pfet_g5v0d10v5
No property pd found for device sky130_fd_pr__esd_pfet_g5v0d10v5
No property mult found for device sky130_fd_pr__esd_pfet_g5v0d10v5
No property sa found for device sky130_fd_pr__esd_pfet_g5v0d10v5
No property sb found for device sky130_fd_pr__esd_pfet_g5v0d10v5
No property sd found for device sky130_fd_pr__esd_pfet_g5v0d10v5
No property nf found for device sky130_fd_pr__esd_pfet_g5v0d10v5
No property nrd found for device sky130_fd_pr__esd_pfet_g5v0d10v5
No property nrs found for device sky130_fd_pr__esd_pfet_g5v0d10v5
No property area found for device sky130_fd_pr__esd_pfet_g5v0d10v5
No property perim found for device sky130_fd_pr__esd_pfet_g5v0d10v5
No property topography found for device sky130_fd_pr__esd_pfet_g5v0d10v5
No property value found for device sky130_fd_pr__diode_pw2nd_05v5
No property mult found for device sky130_fd_pr__diode_pw2nd_05v5
No property perim found for device sky130_fd_pr__diode_pw2nd_05v5
No property mult found for device sky130_fd_pr__diode_pw2nd_11v0
No property perim found for device sky130_fd_pr__diode_pw2nd_11v0
No property mult found for device sky130_fd_pr__diode_pd2nw_11v0
No property perim found for device sky130_fd_pr__diode_pd2nw_11v0
No property area found for device sky130_fd_pr__cap_mim_m3_1
No property value found for device sky130_fd_pr__cap_mim_m3_1
No property mult found for device sky130_fd_pr__cap_mim_m3_1
No property perim found for device sky130_fd_pr__cap_mim_m3_1
No property area found for device sky130_fd_pr__cap_mim_m3_2
No property value found for device sky130_fd_pr__cap_mim_m3_2
No property mult found for device sky130_fd_pr__cap_mim_m3_2
No property perim found for device sky130_fd_pr__cap_mim_m3_2
No property mult found for device sky130_fd_pr__npn_05v5_W1p00L1p00
No property mult found for device sky130_fd_pr__npn_05v5_W1p00L2p00
No property mult found for device sky130_fd_pr__pnp_05v5_W0p68L0p68
No property mult found for device sky130_fd_pr__pnp_05v5_W3p40L3p40
Comparison output logged to file /home/qoryad/ring_oscillator/mag/inverter.lvs.out
Logging to file "/home/qoryad/ring_oscillator/mag/inverter.lvs.out" enabled
Circuit sky130_fd_pr__nfet_01v8 contains no devices.
Circuit sky130_fd_pr__pfet_01v8 contains no devices.

Contents of circuit 1:  Circuit: 'inverter'
Circuit inverter contains 2 device instances.
  Class: sky130_fd_pr__nfet_01v8 instances:   1
  Class: sky130_fd_pr__pfet_01v8 instances:   1
Circuit contains 4 nets.
Contents of circuit 2:  Circuit: 'inverter'
Circuit inverter contains 4 device instances.
  Class: sky130_fd_pr__nfet_01v8 instances:   1
  Class: vsrc                  instances:   2
  Class: sky130_fd_pr__pfet_01v8 instances:   1
Circuit contains 4 nets.

Flattened mismatched instances and attempting compare again.

Contents of circuit 1:  Circuit: 'inverter'
Circuit inverter contains 2 device instances.
  Class: sky130_fd_pr__nfet_01v8 instances:   1
  Class: sky130_fd_pr__pfet_01v8 instances:   1
Circuit contains 4 nets.
Contents of circuit 2:  Circuit: 'inverter'
Circuit inverter contains 2 device instances.
  Class: sky130_fd_pr__nfet_01v8 instances:   1
  Class: sky130_fd_pr__pfet_01v8 instances:   1
Circuit contains 3 nets.

Circuit 1 contains 2 devices, Circuit 2 contains 2 devices.
Circuit 1 contains 4 nets,    Circuit 2 contains 3 nets. *** MISMATCH ***


Final result: 
Netlists do not match.
Port matching may fail to disambiguate symmetries.
Logging to file "/home/qoryad/ring_oscillator/mag/inverter.lvs.out" disabled
LVS Done.
